<?xml version="1.0" encoding="UTF-8"?>
<!-- Generated by org.testng.reporters.JUnitReportReporter -->
<testsuite hostname="lwnp1alpit019" name="com.lifeshield.qa.Lifeshield" tests="1" failures="0" timestamp="29 Oct 2015 15:49:01 GMT" time="102.556" errors="0">
  <testcase name="login" time="102.556" classname="com.lifeshield.qa.Lifeshield"/>
</testsuite> <!-- com.lifeshield.qa.Lifeshield -->
