<?xml version="1.0" encoding="UTF-8"?>
<!-- Generated by org.testng.reporters.JUnitReportReporter -->
<testsuite name="com.lifeshield.qa.Lifeshield" tests="5" failures="0" timestamp="30 Oct 2015 00:39:14 GMT" time="268.673" errors="0">
  <testcase name="logout" time="24.926" classname="com.lifeshield.qa.Lifeshield"/>
  <testcase name="login" time="83.603" classname="com.lifeshield.qa.Lifeshield"/>
  <testcase name="armingStay" time="69.205" classname="com.lifeshield.qa.Lifeshield"/>
  <testcase name="armingAway" time="69.172" classname="com.lifeshield.qa.Lifeshield"/>
  <testcase name="armingInstant" time="21.767" classname="com.lifeshield.qa.Lifeshield"/>
</testsuite> <!-- com.lifeshield.qa.Lifeshield -->
